<?xml version="1.0" encoding="UTF-8"?>
<testsuites name="Appoinment" time="22.172" tests="2" failures="0" errors="0">
   <testsuite name="Appoinment" tests="2" failures="0" errors="0" time="22.172" skipped="0" timestamp="29-08-2024T23:08:56" hostname="Manoj Angel - LAPTOP-K5NJL668" id="Test Suites/Appoinment">
      <properties>
         <property name="deviceName" value=""/>
         <property name="devicePlatform"/>
         <property name="logFolder" value="C:\\Users\\Manoj Angel\\git\\Angel-Katalon-Platform\\Reports\\20240829_230852\\Appoinment\\20240829_230852"/>
         <property name="logFiles" value="C:\\Users\\Manoj Angel\\git\\Angel-Katalon-Platform\\Reports\\20240829_230852\\Appoinment\\20240829_230852\\execution0.log"/>
         <property name="attachments" value=""/>
         <property name="hostName" value="Manoj Angel - LAPTOP-K5NJL668"/>
         <property name="os" value="Windows 11 64bit"/>
         <property name="katalonVersion" value="9.6.0.217"/>
         <property name="browser" value="Chrome 128.0.0.0"/>
         <property name="hostAddress" value="192.168.29.146"/>
         <property name="sessionId" value="04f6534fe88fb4c0c1897d3bbaf24780"/>
         <property name="seleniumVersion" value="3.141.59"/>
         <property name="proxyInformation" value="ProxyInformation { proxyOption=NO_PROXY, proxyServerType=HTTP, username=, password=********, proxyServerAddress=, proxyServerPort=0, executionList=&quot;&quot;, isApplyToDesiredCapabilities=true }"/>
         <property name="platform" value="Windows 11"/>
      </properties>
      <testcase name="Test Cases/Login" time="8.863" classname="Test Cases/Login" status="PASSED">
         <system-out><![CDATA[29-08-2024T23:08:57 - [TEST_CASE][PASSED] - Test Cases/Login: Test Cases/Login

29-08-2024T23:08:57 - [TEST_STEP][PASSED] - openBrowser(""): Browser is opened with url: ''

29-08-2024T23:08:57 - [MESSAGE][INFO] - Starting 'Chrome' driver

29-08-2024T23:08:57 - [MESSAGE][INFO] - Action delay is set to 0 milliseconds

29-08-2024T23:08:59 - [MESSAGE][PASSED] - Browser is opened with url: ''

29-08-2024T23:08:59 - [TEST_STEP][PASSED] - navigateToUrl("https://katalon-demo-cura.herokuapp.com/"): Navigate to 'https://katalon-demo-cura.herokuapp.com/' successfully

29-08-2024T23:09:02 - [MESSAGE][PASSED] - Navigate to 'https://katalon-demo-cura.herokuapp.com/' successfully

29-08-2024T23:09:02 - [TEST_STEP][PASSED] - click(findTestObject("Object Repository/Page_CURA Healthcare Service/a_Make Appointment")): Object: 'Object Repository/Page_CURA Healthcare Service/a_Make Appointment' is clicked on

29-08-2024T23:09:02 - [MESSAGE][PASSED] - Object: 'Object Repository/Page_CURA Healthcare Service/a_Make Appointment' is clicked on

29-08-2024T23:09:02 - [TEST_STEP][PASSED] - setText(findTestObject("Object Repository/Page_CURA Healthcare Service/input_Username_username"), "John Doe"): Text 'John Doe' is set on object 'Object Repository/Page_CURA Healthcare Service/input_Username_username'

29-08-2024T23:09:03 - [MESSAGE][PASSED] - Text 'John Doe' is set on object 'Object Repository/Page_CURA Healthcare Service/input_Username_username'

29-08-2024T23:09:03 - [TEST_STEP][PASSED] - setEncryptedText(findTestObject("Object Repository/Page_CURA Healthcare Service/input_Password_password"), "g3/DOGG74jC3Flrr3yH+3D/yKbOqqUNM"): Text ****** has been set on object 'Object Repository/Page_CURA Healthcare Service/input_Password_password'

29-08-2024T23:09:04 - [MESSAGE][PASSED] - Text ****** has been set on object 'Object Repository/Page_CURA Healthcare Service/input_Password_password'

29-08-2024T23:09:04 - [TEST_STEP][PASSED] - click(findTestObject("Object Repository/Page_CURA Healthcare Service/button_Login")): Object: 'Object Repository/Page_CURA Healthcare Service/button_Login' is clicked on

29-08-2024T23:09:05 - [MESSAGE][PASSED] - Object: 'Object Repository/Page_CURA Healthcare Service/button_Login' is clicked on

29-08-2024T23:09:05 - [TEST_STEP][PASSED] - click(findTestObject("Object Repository/Page_CURA Healthcare Service/h2_Make Appointment")): Object: 'Object Repository/Page_CURA Healthcare Service/h2_Make Appointment' is clicked on

29-08-2024T23:09:05 - [MESSAGE][PASSED] - Object: 'Object Repository/Page_CURA Healthcare Service/h2_Make Appointment' is clicked on

29-08-2024T23:09:05 - [TEST_STEP][PASSED] - verifyElementPresent(findTestObject("Object Repository/Page_CURA Healthcare Service/h2_Make Appointment"), 0): Object 'Object Repository/Page_CURA Healthcare Service/h2_Make Appointment' is present

29-08-2024T23:09:05 - [MESSAGE][WARNING] - Timeout '0' is invalid. Using default page load timeout: '30'

29-08-2024T23:09:05 - [MESSAGE][PASSED] - Object 'Object Repository/Page_CURA Healthcare Service/h2_Make Appointment' is present]]></system-out>
         <system-err><![CDATA[]]></system-err>
      </testcase>
      <testcase name="Test Cases/Book Appointment" time="13.133" classname="Test Cases/Book Appointment" status="PASSED">
         <system-out><![CDATA[29-08-2024T23:09:05 - [TEST_CASE][PASSED] - Test Cases/Book Appointment: Test Cases/Book Appointment

29-08-2024T23:09:06 - [TEST_STEP][PASSED] - callTestCase(findTestCase("Login"), [:], STOP_ON_FAILURE): Call Test Case 'Test Cases/Login' successfully

29-08-2024T23:09:06 - [TEST_CASE][PASSED] - Test Cases/Login: Test Cases/Login

29-08-2024T23:09:06 - [TEST_STEP][PASSED] - openBrowser(""): Browser is opened with url: ''

29-08-2024T23:09:06 - [MESSAGE][WARNING] - A browser is already opened. Closing browser and opening a new one

29-08-2024T23:09:06 - [MESSAGE][INFO] - Starting 'Chrome' driver

29-08-2024T23:09:06 - [MESSAGE][INFO] - Action delay is set to 0 milliseconds

29-08-2024T23:09:07 - [MESSAGE][PASSED] - Browser is opened with url: ''

29-08-2024T23:09:07 - [TEST_STEP][PASSED] - navigateToUrl("https://katalon-demo-cura.herokuapp.com/"): Navigate to 'https://katalon-demo-cura.herokuapp.com/' successfully

29-08-2024T23:09:10 - [MESSAGE][PASSED] - Navigate to 'https://katalon-demo-cura.herokuapp.com/' successfully

29-08-2024T23:09:10 - [TEST_STEP][PASSED] - click(findTestObject("Object Repository/Page_CURA Healthcare Service/a_Make Appointment")): Object: 'Object Repository/Page_CURA Healthcare Service/a_Make Appointment' is clicked on

29-08-2024T23:09:11 - [MESSAGE][PASSED] - Object: 'Object Repository/Page_CURA Healthcare Service/a_Make Appointment' is clicked on

29-08-2024T23:09:11 - [TEST_STEP][PASSED] - setText(findTestObject("Object Repository/Page_CURA Healthcare Service/input_Username_username"), "John Doe"): Text 'John Doe' is set on object 'Object Repository/Page_CURA Healthcare Service/input_Username_username'

29-08-2024T23:09:12 - [MESSAGE][PASSED] - Text 'John Doe' is set on object 'Object Repository/Page_CURA Healthcare Service/input_Username_username'

29-08-2024T23:09:12 - [TEST_STEP][PASSED] - setEncryptedText(findTestObject("Object Repository/Page_CURA Healthcare Service/input_Password_password"), "g3/DOGG74jC3Flrr3yH+3D/yKbOqqUNM"): Text ****** has been set on object 'Object Repository/Page_CURA Healthcare Service/input_Password_password'

29-08-2024T23:09:12 - [MESSAGE][PASSED] - Text ****** has been set on object 'Object Repository/Page_CURA Healthcare Service/input_Password_password'

29-08-2024T23:09:12 - [TEST_STEP][PASSED] - click(findTestObject("Object Repository/Page_CURA Healthcare Service/button_Login")): Object: 'Object Repository/Page_CURA Healthcare Service/button_Login' is clicked on

29-08-2024T23:09:13 - [MESSAGE][PASSED] - Object: 'Object Repository/Page_CURA Healthcare Service/button_Login' is clicked on

29-08-2024T23:09:13 - [TEST_STEP][PASSED] - click(findTestObject("Object Repository/Page_CURA Healthcare Service/h2_Make Appointment")): Object: 'Object Repository/Page_CURA Healthcare Service/h2_Make Appointment' is clicked on

29-08-2024T23:09:13 - [MESSAGE][PASSED] - Object: 'Object Repository/Page_CURA Healthcare Service/h2_Make Appointment' is clicked on

29-08-2024T23:09:13 - [TEST_STEP][PASSED] - verifyElementPresent(findTestObject("Object Repository/Page_CURA Healthcare Service/h2_Make Appointment"), 0): Object 'Object Repository/Page_CURA Healthcare Service/h2_Make Appointment' is present

29-08-2024T23:09:13 - [MESSAGE][WARNING] - Timeout '0' is invalid. Using default page load timeout: '30'

29-08-2024T23:09:14 - [MESSAGE][PASSED] - Object 'Object Repository/Page_CURA Healthcare Service/h2_Make Appointment' is present

29-08-2024T23:09:14 - [MESSAGE][PASSED] - Call Test Case 'Test Cases/Login' successfully

29-08-2024T23:09:14 - [TEST_STEP][PASSED] - selectOptionByValue(findTestObject("Object Repository/Page_CURA Healthcare Service/select_Tokyo CURA Healthcare Center        _5b4107"), "Hongkong CURA Healthcare Center", true): All options with value 'Hongkong CURA Healthcare Center' are selected in object 'Object Repository/Page_CURA Healthcare Service/select_Tokyo CURA Healthcare Center        _5b4107'  using regular expression

29-08-2024T23:09:14 - [MESSAGE][PASSED] - All options with value 'Hongkong CURA Healthcare Center' are selected in object 'Object Repository/Page_CURA Healthcare Service/select_Tokyo CURA Healthcare Center        _5b4107'  using regular expression

29-08-2024T23:09:14 - [TEST_STEP][PASSED] - click(findTestObject("Object Repository/Page_CURA Healthcare Service/input_Visit Date (Required)_visit_date")): Object: 'Object Repository/Page_CURA Healthcare Service/input_Visit Date (Required)_visit_date' is clicked on

29-08-2024T23:09:15 - [MESSAGE][PASSED] - Object: 'Object Repository/Page_CURA Healthcare Service/input_Visit Date (Required)_visit_date' is clicked on

29-08-2024T23:09:15 - [TEST_STEP][PASSED] - click(findTestObject("Object Repository/Page_CURA Healthcare Service/td_30")): Object: 'Object Repository/Page_CURA Healthcare Service/td_30' is clicked on

29-08-2024T23:09:15 - [MESSAGE][PASSED] - Object: 'Object Repository/Page_CURA Healthcare Service/td_30' is clicked on

29-08-2024T23:09:15 - [TEST_STEP][PASSED] - setText(findTestObject("Object Repository/Page_CURA Healthcare Service/textarea_Comment_comment"), "Health check"): Text 'Health check' is set on object 'Object Repository/Page_CURA Healthcare Service/textarea_Comment_comment'

29-08-2024T23:09:16 - [MESSAGE][PASSED] - Text 'Health check' is set on object 'Object Repository/Page_CURA Healthcare Service/textarea_Comment_comment'

29-08-2024T23:09:16 - [TEST_STEP][PASSED] - click(findTestObject("Object Repository/Page_CURA Healthcare Service/button_Book Appointment")): Object: 'Object Repository/Page_CURA Healthcare Service/button_Book Appointment' is clicked on

29-08-2024T23:09:17 - [MESSAGE][PASSED] - Object: 'Object Repository/Page_CURA Healthcare Service/button_Book Appointment' is clicked on

29-08-2024T23:09:17 - [TEST_STEP][PASSED] - navigateToUrl("https://katalon-demo-cura.herokuapp.com/appointment.php#summary"): Navigate to 'https://katalon-demo-cura.herokuapp.com/appointment.php#summary' successfully

29-08-2024T23:09:17 - [MESSAGE][PASSED] - Navigate to 'https://katalon-demo-cura.herokuapp.com/appointment.php#summary' successfully

29-08-2024T23:09:17 - [TEST_STEP][PASSED] - click(findTestObject("Object Repository/Page_CURA Healthcare Service/h2_Appointment Confirmation")): Object: 'Object Repository/Page_CURA Healthcare Service/h2_Appointment Confirmation' is clicked on

29-08-2024T23:09:17 - [MESSAGE][PASSED] - Object: 'Object Repository/Page_CURA Healthcare Service/h2_Appointment Confirmation' is clicked on

29-08-2024T23:09:17 - [TEST_STEP][PASSED] - verifyElementPresent(findTestObject("Object Repository/Page_CURA Healthcare Service/h2_Appointment Confirmation"), 0): Object 'Object Repository/Page_CURA Healthcare Service/h2_Appointment Confirmation' is present

29-08-2024T23:09:17 - [MESSAGE][WARNING] - Timeout '0' is invalid. Using default page load timeout: '30'

29-08-2024T23:09:17 - [MESSAGE][PASSED] - Object 'Object Repository/Page_CURA Healthcare Service/h2_Appointment Confirmation' is present

29-08-2024T23:09:17 - [TEST_STEP][PASSED] - click(findTestObject("Object Repository/Page_CURA Healthcare Service/a_Go to Homepage")): Object: 'Object Repository/Page_CURA Healthcare Service/a_Go to Homepage' is clicked on

29-08-2024T23:09:18 - [MESSAGE][PASSED] - Object: 'Object Repository/Page_CURA Healthcare Service/a_Go to Homepage' is clicked on

29-08-2024T23:09:18 - [TEST_STEP][PASSED] - closeBrowser(): Browser is closed

29-08-2024T23:09:19 - [MESSAGE][PASSED] - Browser is closed]]></system-out>
         <system-err><![CDATA[]]></system-err>
      </testcase>
      <system-out><![CDATA[29-08-2024T23:08:56 - [TEST_SUITE][PASSED] - Appoinment: Test Cases/Book Appointment]]></system-out>
      <system-err><![CDATA[]]></system-err>
   </testsuite>
</testsuites>
